<?xml version="1.0" encoding="UTF-8"?>
<!-- Generated by org.testng.reporters.JUnitReportReporter -->
<testsuite skipped="0" hostname="srinch23" name="com.training.sanity.tests.LostPassTests_ELTC_012" tests="1" failures="0" timestamp="17 Mar 2019 07:42:04 GMT" time="22.904" errors="0">
  <testcase name="lostPassTest" time="22.904" classname="com.training.sanity.tests.LostPassTests_ELTC_012"/>
</testsuite> <!-- com.training.sanity.tests.LostPassTests_ELTC_012 -->
