<?xml version="1.0" encoding="UTF-8"?>
<!-- Generated by org.testng.reporters.JUnitReportReporter -->
<testsuite skipped="0" hostname="srinch23" name="com.training.sanity.tests.ELTC_003_Test" tests="1" failures="0" timestamp="25 Mar 2019 10:16:58 GMT" time="29.373" errors="0">
  <testcase name="editProfileTest" time="29.373" classname="com.training.sanity.tests.ELTC_003_Test"/>
</testsuite> <!-- com.training.sanity.tests.ELTC_003_Test -->
