<?xml version="1.0" encoding="UTF-8"?>
<!-- Generated by org.testng.reporters.JUnitReportReporter -->
<testsuite skipped="0" hostname="srinch23" name="com.training.sanity.tests.ELTC_004_Test" tests="1" failures="0" timestamp="25 Mar 2019 16:42:45 GMT" time="14.086" errors="0">
  <testcase name="editProfileTest" time="14.086" classname="com.training.sanity.tests.ELTC_004_Test"/>
</testsuite> <!-- com.training.sanity.tests.ELTC_004_Test -->
